[2024/02/22 08:10:26]
{NotSpecified}
System.ArgumentException: Conversion from JSON failed with error: Unexpected character encountered while parsing value: D. Path '', line 0, position 0.
 ---> Newtonsoft.Json.JsonReaderException: Unexpected character encountered while parsing value: D. Path '', line 0, position 0.
   at Newtonsoft.Json.JsonTextReader.ParseValue()
   at Newtonsoft.Json.JsonReader.ReadAndMoveToContent()
   at Newtonsoft.Json.Serialization.JsonSerializerInternalReader.Deserialize(JsonReader reader, Type objectType, Boolean checkAdditionalContent)
   at Newtonsoft.Json.JsonSerializer.DeserializeInternal(JsonReader reader, Type objectType)
   at Newtonsoft.Json.JsonConvert.DeserializeObject(String value, Type type, JsonSerializerSettings settings)
   at Microsoft.PowerShell.Commands.JsonObject.ConvertFromJson(String input, Boolean returnHashtable, Nullable`1 maxDepth, ErrorRecord& error)
   --- End of inner exception stack trace ---
   at Microsoft.PowerShell.Commands.JsonObject.ConvertFromJson(String input, Boolean returnHashtable, Nullable`1 maxDepth, ErrorRecord& error)
   at Microsoft.PowerShell.Commands.ConvertFromJsonCommand.ConvertFromJsonHelper(String input)
   at Microsoft.PowerShell.Commands.ConvertFromJsonCommand.EndProcessing()
   at System.Management.Automation.CommandProcessorBase.Complete()
"Error retrieving data:"
at Get-TargetResource, C:\Program Files\WindowsPowerShell\Modules\Microsoft365DSC\1.24.214.3\DSCResources\MSFT_SCDLPCompliancePolicy\MSFT_SCDLPCompliancePolicy.psm1: line 167
at Export-TargetResource, C:\Program Files\WindowsPowerShell\Modules\Microsoft365DSC\1.24.214.3\DSCResources\MSFT_SCDLPCompliancePolicy\MSFT_SCDLPCompliancePolicy.psm1: line 953
at Start-M365DSCConfigurationExtract, C:\Program Files\WindowsPowerShell\Modules\Microsoft365DSC\1.24.214.3\Modules\M365DSCReverse.psm1: line 649
at Export-M365DSCConfiguration, C:\Program Files\WindowsPowerShell\Modules\Microsoft365DSC\1.24.214.3\Modules\M365DSCUtil.psm1: line 1355
at <ScriptBlock>, C:\Users\Ashley.Forde\OneDrive - Ministry of Housing and Urban Development\Documents\Code Repository\Dec 2023\Microsoft-365-and-Azure\Automation\M365 DSC\Config\Security.ps1: line 47
at <ScriptBlock>, <No file>: line 1
TenantId: mhud.onmicrosoft.com



[2024/02/22 08:10:36]
{NotSpecified}
System.ArgumentException: Conversion from JSON failed with error: Unexpected character encountered while parsing value: D. Path '', line 0, position 0.
 ---> Newtonsoft.Json.JsonReaderException: Unexpected character encountered while parsing value: D. Path '', line 0, position 0.
   at Newtonsoft.Json.JsonTextReader.ParseValue()
   at Newtonsoft.Json.JsonReader.ReadAndMoveToContent()
   at Newtonsoft.Json.Serialization.JsonSerializerInternalReader.Deserialize(JsonReader reader, Type objectType, Boolean checkAdditionalContent)
   at Newtonsoft.Json.JsonSerializer.DeserializeInternal(JsonReader reader, Type objectType)
   at Newtonsoft.Json.JsonConvert.DeserializeObject(String value, Type type, JsonSerializerSettings settings)
   at Microsoft.PowerShell.Commands.JsonObject.ConvertFromJson(String input, Boolean returnHashtable, Nullable`1 maxDepth, ErrorRecord& error)
   --- End of inner exception stack trace ---
   at Microsoft.PowerShell.Commands.JsonObject.ConvertFromJson(String input, Boolean returnHashtable, Nullable`1 maxDepth, ErrorRecord& error)
   at Microsoft.PowerShell.Commands.ConvertFromJsonCommand.ConvertFromJsonHelper(String input)
   at Microsoft.PowerShell.Commands.ConvertFromJsonCommand.EndProcessing()
   at System.Management.Automation.CommandProcessorBase.Complete()
"Error retrieving data:"
at Get-TargetResource, C:\Program Files\WindowsPowerShell\Modules\Microsoft365DSC\1.24.214.3\DSCResources\MSFT_SCDLPCompliancePolicy\MSFT_SCDLPCompliancePolicy.psm1: line 167
at Export-TargetResource, C:\Program Files\WindowsPowerShell\Modules\Microsoft365DSC\1.24.214.3\DSCResources\MSFT_SCDLPCompliancePolicy\MSFT_SCDLPCompliancePolicy.psm1: line 953
at Start-M365DSCConfigurationExtract, C:\Program Files\WindowsPowerShell\Modules\Microsoft365DSC\1.24.214.3\Modules\M365DSCReverse.psm1: line 649
at Export-M365DSCConfiguration, C:\Program Files\WindowsPowerShell\Modules\Microsoft365DSC\1.24.214.3\Modules\M365DSCUtil.psm1: line 1355
at <ScriptBlock>, C:\Users\Ashley.Forde\OneDrive - Ministry of Housing and Urban Development\Documents\Code Repository\Dec 2023\Microsoft-365-and-Azure\Automation\M365 DSC\Config\Security.ps1: line 47
at <ScriptBlock>, <No file>: line 1
TenantId: mhud.onmicrosoft.com



[2024/02/22 08:22:12]
{InvalidData}
System.Management.Automation.ParameterBindingValidationException: Cannot bind argument to parameter 'Category' because it is an empty string.
   at System.Management.Automation.ExceptionHandlingOps.CheckActionPreference(FunctionContext funcContext, Exception exception)
   at System.Management.Automation.Interpreter.ActionCallInstruction`2.Run(InterpretedFrame frame)
   at System.Management.Automation.Interpreter.EnterTryCatchFinallyInstruction.Run(InterpretedFrame frame)
   at System.Management.Automation.Interpreter.EnterTryCatchFinallyInstruction.Run(InterpretedFrame frame)
"Error during Export:"
at Export-TargetResource, C:\Program Files\WindowsPowerShell\Modules\Microsoft365DSC\1.24.214.3\DSCResources\MSFT_SCFilePlanPropertySubCategory\MSFT_SCFilePlanPropertySubCategory.psm1: line 381
at Start-M365DSCConfigurationExtract, C:\Program Files\WindowsPowerShell\Modules\Microsoft365DSC\1.24.214.3\Modules\M365DSCReverse.psm1: line 649
at Export-M365DSCConfiguration, C:\Program Files\WindowsPowerShell\Modules\Microsoft365DSC\1.24.214.3\Modules\M365DSCUtil.psm1: line 1355
at <ScriptBlock>, C:\Users\Ashley.Forde\OneDrive - Ministry of Housing and Urban Development\Documents\Code Repository\Dec 2023\Microsoft-365-and-Azure\Automation\M365 DSC\Config\Security.ps1: line 47
at <ScriptBlock>, <No file>: line 1
TenantId: mhud.onmicrosoft.com



